<?xml version="1.0" encoding="UTF-8"?>
<!-- Generated by org.testng.reporters.JUnitXMLReporter -->
<testsuite ignored="1" hostname="LAPTOP-EA9TV5CO" failures="1" tests="1" name="Default test(failed)" time="0.085" errors="0" timestamp="2024-01-15T13:14:08 IST">
  <testcase classname="selenium.TestCase" name="testCase2" time="0.021">
    <failure type="java.lang.AssertionError" message="expected [false] but found [true]">
      <![CDATA[java.lang.AssertionError: expected [false] but found [true]
at selenium.TestCase.testCase2(TestCase.java:15)
at java.base/java.util.ArrayList.forEach(ArrayList.java:1511)
... Removed 34 stack frames]]>
    </failure>
  </testcase> <!-- testCase2 -->
  <testcase classname="selenium.TestCase" name="testCase1" time="0.0">
    <ignored/>
  </testcase> <!-- testCase1 -->
</testsuite> <!-- Default test(failed) -->
